โน๏ธ ูุฑูุดูุฏูโ ูพุดโูุฑุถ ุงุฒ ูุจู ูุฌูุฏ ุฏุงุดุช: DiGi Seller
๐ฅ ุดุฑูุน ุนููุงุช ูพุงฺฉุณุงุฒ ุฏุชุงุจุณ ูุญุตููุงุช ู ุฏุณุชูโุจูุฏโูุง...
โ ูพุงฺฉุณุงุฒ ุจุง ููููุช ุงูุฌุงู ุดุฏ.
๐ ูุฑูุดูุฏู ุงูุชุฎุงุจ ุดุฏ: ููฺฉุงูุง/ุดูุฑฺฉ ุบุฑุจ
๐ ุดุฑูุน ุนููุงุช ุณูฺฏู ุณุงุฎุช ู ุณุงุฒ...

๐ ุฏุณุชู ุงุตู: ฺฉุงูุง ุฏุฌุชุงู
   โ 4 ูุญุตูู ุจู 'ฺฉุงูุง ุฏุฌุชุงู' ุงุถุงูู ุดุฏ.
   โ 4 ูุญุตูู ุจู 'ฺฉุงูุง ุฏุฌุชุงู - ุฒุฑูุฌููุนู 1' ุงุถุงูู ุดุฏ.
   โ 4 ูุญุตูู ุจู 'ฺฉุงูุง ุฏุฌุชุงู - ุฒุฑูุฌููุนู 1 - ุจุฎุด 1' ุงุถุงูู ุดุฏ.
   โ 4 ูุญุตูู ุจู 'ฺฉุงูุง ุฏุฌุชุงู - ุฒุฑูุฌููุนู 1 - ุจุฎุด 2' ุงุถุงูู ุดุฏ.
   โ 4 ูุญุตูู ุจู 'ฺฉุงูุง ุฏุฌุชุงู - ุฒุฑูุฌููุนู 2' ุงุถุงูู ุดุฏ.
   โ 4 ูุญุตูู ุจู 'ฺฉุงูุง ุฏุฌุชุงู - ุฒุฑูุฌููุนู 2 - ุจุฎุด 1' ุงุถุงูู ุดุฏ.
   โ 4 ูุญุตูู ุจู 'ฺฉุงูุง ุฏุฌุชุงู - ุฒุฑูุฌููุนู 2 - ุจุฎุด 2' ุงุถุงูู ุดุฏ.

๐ ุฏุณุชู ุงุตู: ูุฏ ู ูพูุดุงฺฉ
   โ 4 ูุญุตูู ุจู 'ูุฏ ู ูพูุดุงฺฉ' ุงุถุงูู ุดุฏ.
   โ 4 ูุญุตูู ุจู 'ูุฏ ู ูพูุดุงฺฉ - ุฒุฑูุฌููุนู 1' ุงุถุงูู ุดุฏ.
   โ 4 ูุญุตูู ุจู 'ูุฏ ู ูพูุดุงฺฉ - ุฒุฑูุฌููุนู 1 - ุจุฎุด 1' ุงุถุงูู ุดุฏ.
   โ 4 ูุญุตูู ุจู 'ูุฏ ู ูพูุดุงฺฉ - ุฒุฑูุฌููุนู 1 - ุจุฎุด 2' ุงุถุงูู ุดุฏ.
   โ 4 ูุญุตูู ุจู 'ูุฏ ู ูพูุดุงฺฉ - ุฒุฑูุฌููุนู 2' ุงุถุงูู ุดุฏ.
   โ 4 ูุญุตูู ุจู 'ูุฏ ู ูพูุดุงฺฉ - ุฒุฑูุฌููุนู 2 - ุจุฎุด 1' ุงุถุงูู ุดุฏ.
   โ 4 ูุญุตูู ุจู 'ูุฏ ู ูพูุดุงฺฉ - ุฒุฑูุฌููุนู 2 - ุจุฎุด 2' ุงุถุงูู ุดุฏ.

๐ ุฏุณุชู ุงุตู: ุฎุงูู ู ุขุดูพุฒุฎุงูู
   โ 4 ูุญุตูู ุจู 'ุฎุงูู ู ุขุดูพุฒุฎุงูู' ุงุถุงูู ุดุฏ.
   โ 4 ูุญุตูู ุจู 'ุฎุงูู ู ุขุดูพุฒุฎุงูู - ุฒุฑูุฌููุนู 1' ุงุถุงูู ุดุฏ.
   โ 4 ูุญุตูู ุจู 'ุฎุงูู ู ุขุดูพุฒุฎุงูู - ุฒุฑูุฌููุนู 1 - ุจุฎุด 1' ุงุถุงูู ุดุฏ.
   โ 4 ูุญุตูู ุจู 'ุฎุงูู ู ุขุดูพุฒุฎุงูู - ุฒุฑูุฌููุนู 1 - ุจุฎุด 2' ุงุถุงูู ุดุฏ.
   โ 4 ูุญุตูู ุจู 'ุฎุงูู ู ุขุดูพุฒุฎุงูู - ุฒุฑูุฌููุนู 2' ุงุถุงูู ุดุฏ.
   โ 4 ูุญุตูู ุจู 'ุฎุงูู ู ุขุดูพุฒุฎุงูู - ุฒุฑูุฌููุนู 2 - ุจุฎุด 1' ุงุถุงูู ุดุฏ.
   โ 4 ูุญุตูู ุจู 'ุฎุงูู ู ุขุดูพุฒุฎุงูู - ุฒุฑูุฌููุนู 2 - ุจุฎุด 2' ุงุถุงูู ุดุฏ.

๐ ุฏุณุชู ุงุตู: ุฒุจุง ู ุณูุงูุช
   โ 4 ูุญุตูู ุจู 'ุฒุจุง ู ุณูุงูุช' ุงุถุงูู ุดุฏ.
   โ 4 ูุญุตูู ุจู 'ุฒุจุง ู ุณูุงูุช - ุฒุฑูุฌููุนู 1' ุงุถุงูู ุดุฏ.
   โ 4 ูุญุตูู ุจู 'ุฒุจุง ู ุณูุงูุช - ุฒุฑูุฌููุนู 1 - ุจุฎุด 1' ุงุถุงูู ุดุฏ.
   โ 4 ูุญุตูู ุจู 'ุฒุจุง ู ุณูุงูุช - ุฒุฑูุฌููุนู 1 - ุจุฎุด 2' ุงุถุงูู ุดุฏ.
   โ 4 ูุญุตูู ุจู 'ุฒุจุง ู ุณูุงูุช - ุฒุฑูุฌููุนู 2' ุงุถุงูู ุดุฏ.
   โ 4 ูุญุตูู ุจู 'ุฒุจุง ู ุณูุงูุช - ุฒุฑูุฌููุนู 2 - ุจุฎุด 1' ุงุถุงูู ุดุฏ.
   โ 4 ูุญุตูู ุจู 'ุฒุจุง ู ุณูุงูุช - ุฒุฑูุฌููุนู 2 - ุจุฎุด 2' ุงุถุงูู ุดุฏ.

๐ ุฏุณุชู ุงุตู: ุงุณุจุงุจ ุจุงุฒ
   โ 4 ูุญุตูู ุจู 'ุงุณุจุงุจ ุจุงุฒ' ุงุถุงูู ุดุฏ.
   โ 4 ูุญุตูู ุจู 'ุงุณุจุงุจ ุจุงุฒ - ุฒุฑูุฌููุนู 1' ุงุถุงูู ุดุฏ.
   โ 4 ูุญุตูู ุจู 'ุงุณุจุงุจ ุจุงุฒ - ุฒุฑูุฌููุนู 1 - ุจุฎุด 1' ุงุถุงูู ุดุฏ.
   โ 4 ูุญุตูู ุจู 'ุงุณุจุงุจ ุจุงุฒ - ุฒุฑูุฌููุนู 1 - ุจุฎุด 2' ุงุถุงูู ุดุฏ.
   โ 4 ูุญุตูู ุจู 'ุงุณุจุงุจ ุจุงุฒ - ุฒุฑูุฌููุนู 2' ุงุถุงูู ุดุฏ.
   โ 4 ูุญุตูู ุจู 'ุงุณุจุงุจ ุจุงุฒ - ุฒุฑูุฌููุนู 2 - ุจุฎุด 1' ุงุถุงูู ุดุฏ.
   โ 4 ูุญุตูู ุจู 'ุงุณุจุงุจ ุจุงุฒ - ุฒุฑูุฌููุนู 2 - ุจุฎุด 2' ุงุถุงูู ุดุฏ.

๐ ุฏุณุชู ุงุตู: ฺฉุชุงุจ ู ููุงุฒู ุชุญุฑุฑ
   โ 4 ูุญุตูู ุจู 'ฺฉุชุงุจ ู ููุงุฒู ุชุญุฑุฑ' ุงุถุงูู ุดุฏ.
   โ 4 ูุญุตูู ุจู 'ฺฉุชุงุจ ู ููุงุฒู ุชุญุฑุฑ - ุฒุฑูุฌููุนู 1' ุงุถุงูู ุดุฏ.
   โ 4 ูุญุตูู ุจู 'ฺฉุชุงุจ ู ููุงุฒู ุชุญุฑุฑ - ุฒุฑูุฌููุนู 1 - ุจุฎุด 1' ุงุถุงูู ุดุฏ.
   โ 4 ูุญุตูู ุจู 'ฺฉุชุงุจ ู ููุงุฒู ุชุญุฑุฑ - ุฒุฑูุฌููุนู 1 - ุจุฎุด 2' ุงุถุงูู ุดุฏ.
   โ 4 ูุญุตูู ุจู 'ฺฉุชุงุจ ู ููุงุฒู ุชุญุฑุฑ - ุฒุฑูุฌููุนู 2' ุงุถุงูู ุดุฏ.
   โ 4 ูุญุตูู ุจู 'ฺฉุชุงุจ ู ููุงุฒู ุชุญุฑุฑ - ุฒุฑูุฌููุนู 2 - ุจุฎุด 1' ุงุถุงูู ุดุฏ.
   โ 4 ูุญุตูู ุจู 'ฺฉุชุงุจ ู ููุงุฒู ุชุญุฑุฑ - ุฒุฑูุฌููุนู 2 - ุจุฎุด 2' ุงุถุงูู ุดุฏ.

๐ ุฏุณุชู ุงุตู: ูุฑุฒุด ู ุณูุฑ
   โ 4 ูุญุตูู ุจู 'ูุฑุฒุด ู ุณูุฑ' ุงุถุงูู ุดุฏ.
   โ 4 ูุญุตูู ุจู 'ูุฑุฒุด ู ุณูุฑ - ุฒุฑูุฌููุนู 1' ุงุถุงูู ุดุฏ.
   โ 4 ูุญุตูู ุจู 'ูุฑุฒุด ู ุณูุฑ - ุฒุฑูุฌููุนู 1 - ุจุฎุด 1' ุงุถุงูู ุดุฏ.
   โ 4 ูุญุตูู ุจู 'ูุฑุฒุด ู ุณูุฑ - ุฒุฑูุฌููุนู 1 - ุจุฎุด 2' ุงุถุงูู ุดุฏ.
   โ 4 ูุญุตูู ุจู 'ูุฑุฒุด ู ุณูุฑ - ุฒุฑูุฌููุนู 2' ุงุถุงูู ุดุฏ.
   โ 4 ูุญุตูู ุจู 'ูุฑุฒุด ู ุณูุฑ - ุฒุฑูุฌููุนู 2 - ุจุฎุด 1' ุงุถุงูู ุดุฏ.
   โ 4 ูุญุตูู ุจู 'ูุฑุฒุด ู ุณูุฑ - ุฒุฑูุฌููุนู 2 - ุจุฎุด 2' ุงุถุงูู ุดุฏ.

๐ ุฏุณุชู ุงุตู: ุงุจุฒุงุฑ ู ุงุฏุงุฑ
   โ 4 ูุญุตูู ุจู 'ุงุจุฒุงุฑ ู ุงุฏุงุฑ' ุงุถุงูู ุดุฏ.
   โ 4 ูุญุตูู ุจู 'ุงุจุฒุงุฑ ู ุงุฏุงุฑ - ุฒุฑูุฌููุนู 1' ุงุถุงูู ุดุฏ.
   โ 4 ูุญุตูู ุจู 'ุงุจุฒุงุฑ ู ุงุฏุงุฑ - ุฒุฑูุฌููุนู 1 - ุจุฎุด 1' ุงุถุงูู ุดุฏ.
   โ 4 ูุญุตูู ุจู 'ุงุจุฒุงุฑ ู ุงุฏุงุฑ - ุฒุฑูุฌููุนู 1 - ุจุฎุด 2' ุงุถุงูู ุดุฏ.
   โ 4 ูุญุตูู ุจู 'ุงุจุฒุงุฑ ู ุงุฏุงุฑ - ุฒุฑูุฌููุนู 2' ุงุถุงูู ุดุฏ.
   โ 4 ูุญุตูู ุจู 'ุงุจุฒุงุฑ ู ุงุฏุงุฑ - ุฒุฑูุฌููุนู 2 - ุจุฎุด 1' ุงุถุงูู ุดุฏ.
   โ 4 ูุญุตูู ุจู 'ุงุจุฒุงุฑ ู ุงุฏุงุฑ - ุฒุฑูุฌููุนู 2 - ุจุฎุด 2' ุงุถุงูู ุดุฏ.

๐ ุฏุณุชู ุงุตู: ุฎูุฏุฑู ู ููุชูุฑุณฺฉูุช
   โ 4 ูุญุตูู ุจู 'ุฎูุฏุฑู ู ููุชูุฑุณฺฉูุช' ุงุถุงูู ุดุฏ.
   โ 4 ูุญุตูู ุจู 'ุฎูุฏุฑู ู ููุชูุฑุณฺฉูุช - ุฒุฑูุฌููุนู 1' ุงุถุงูู ุดุฏ.
   โ 4 ูุญุตูู ุจู 'ุฎูุฏุฑู ู ููุชูุฑุณฺฉูุช - ุฒุฑูุฌููุนู 1 - ุจุฎุด 1' ุงุถุงูู ุดุฏ.
   โ 4 ูุญุตูู ุจู 'ุฎูุฏุฑู ู ููุชูุฑุณฺฉูุช - ุฒุฑูุฌููุนู 1 - ุจุฎุด 2' ุงุถุงูู ุดุฏ.
   โ 4 ูุญุตูู ุจู 'ุฎูุฏุฑู ู ููุชูุฑุณฺฉูุช - ุฒุฑูุฌููุนู 2' ุงุถุงูู ุดุฏ.
   โ 4 ูุญุตูู ุจู 'ุฎูุฏุฑู ู ููุชูุฑุณฺฉูุช - ุฒุฑูุฌููุนู 2 - ุจุฎุด 1' ุงุถุงูู ุดุฏ.
   โ 4 ูุญุตูู ุจู 'ุฎูุฏุฑู ู ููุชูุฑุณฺฉูุช - ุฒุฑูุฌููุนู 2 - ุจุฎุด 2' ุงุถุงูู ุดุฏ.

๐ ุฏุณุชู ุงุตู: ูุญุตููุงุช ุจูู ู ูุญู
   โ 4 ูุญุตูู ุจู 'ูุญุตููุงุช ุจูู ู ูุญู' ุงุถุงูู ุดุฏ.
   โ 4 ูุญุตูู ุจู 'ูุญุตููุงุช ุจูู ู ูุญู - ุฒุฑูุฌููุนู 1' ุงุถุงูู ุดุฏ.
   โ 4 ูุญุตูู ุจู 'ูุญุตููุงุช ุจูู ู ูุญู - ุฒุฑูุฌููุนู 1 - ุจุฎุด 1' ุงุถุงูู ุดุฏ.
   โ 4 ูุญุตูู ุจู 'ูุญุตููุงุช ุจูู ู ูุญู - ุฒุฑูุฌููุนู 1 - ุจุฎุด 2' ุงุถุงูู ุดุฏ.
   โ 4 ูุญุตูู ุจู 'ูุญุตููุงุช ุจูู ู ูุญู - ุฒุฑูุฌููุนู 2' ุงุถุงูู ุดุฏ.
   โ 4 ูุญุตูู ุจู 'ูุญุตููุงุช ุจูู ู ูุญู - ุฒุฑูุฌููุนู 2 - ุจุฎุด 1' ุงุถุงูู ุดุฏ.
   โ 4 ูุญุตูู ุจู 'ูุญุตููุงุช ุจูู ู ูุญู - ุฒุฑูุฌููุนู 2 - ุจุฎุด 2' ุงุถุงูู ุดุฏ.

๐ ุชูุงู ุดุฏ! ุฏุชุงุจุณ ุจุง ููููุช ูพุฑ ุดุฏ!
